Android/Gesallprov/app/build/intermediates/manifest_merge_blame_file/debug/manifest-merger-blame-debug-report.txt
1<?xml version="1.0" encoding="utf-8"?>
2<manifest xmlns:android="http://schemas.android.com/apk/res/android"
3    package="com.example.gesallprov"
4    android:versionCode="1"
5    android:versionName="1.0" >
6
7    <uses-sdk
8        android:minSdkVersion="21"
8-->src\main\AndroidManifest.xml
9        android:targetSdkVersion="31" />
9-->src\main\AndroidManifest.xml
10
11    <uses-permission android:name="android.permission.CAMERA" />
11-->src\main\AndroidManifest.xml:5:5-64
11-->src\main\AndroidManifest.xml:5:22-62
12    <uses-permission android:name="android.permission.INTERNET" />
12-->src\main\AndroidManifest.xml:6:5-67
12-->src\main\AndroidManifest.xml:6:22-64
13    <uses-permission android:name="android.permission.ACCESS_FINE_LOCATION" />
13-->src\main\AndroidManifest.xml:7:5-78
13-->src\main\AndroidManifest.xml:7:22-76
14    <uses-permission android:name="android.permission.ACCESS_COARSE_LOCATION" />
14-->src\main\AndroidManifest.xml:8:5-80
14-->src\main\AndroidManifest.xml:8:22-78
15    <uses-permission android:name="android.permission.READ_EXTERNAL_STORAGE" />
15-->src\main\AndroidManifest.xml:9:5-80
15-->src\main\AndroidManifest.xml:9:22-77
16    <uses-permission
16-->src\main\AndroidManifest.xml:10:5-12:38
17        android:name="android.permission.WRITE_EXTERNAL_STORAGE"
17-->src\main\AndroidManifest.xml:11:9-65
18        android:maxSdkVersion="28" />
18-->src\main\AndroidManifest.xml:12:9-35
19
20    <!-- Include required permissions for Google Maps API to run. -->
21    <uses-permission android:name="android.permission.ACCESS_NETWORK_STATE" />
21-->[com.google.android.gms:play-services-maps:17.0.1] AndroidManifest.xml:23:5-79
21-->[com.google.android.gms:play-services-maps:17.0.1] AndroidManifest.xml:23:22-76
22
23    <uses-feature
23-->[com.google.android.gms:play-services-maps:17.0.1] AndroidManifest.xml:26:5-28:35
24        android:glEsVersion="0x00020000"
24-->[com.google.android.gms:play-services-maps:17.0.1] AndroidManifest.xml:27:9-41
25        android:required="true" />
25-->[com.google.android.gms:play-services-maps:17.0.1] AndroidManifest.xml:28:9-32
26
27    <queries>
27-->[com.google.android.gms:play-services-maps:17.0.1] AndroidManifest.xml:30:5-34:15
28
29        <!-- Needs to be explicitly declared on Android R+ -->
30        <package android:name="com.google.android.apps.maps" />
30-->[com.google.android.gms:play-services-maps:17.0.1] AndroidManifest.xml:33:9-64
30-->[com.google.android.gms:play-services-maps:17.0.1] AndroidManifest.xml:33:18-61
31    </queries>
32
33    <application
33-->src\main\AndroidManifest.xml:14:5-51:19
34        android:allowBackup="true"
34-->src\main\AndroidManifest.xml:15:9-35
35        android:appComponentFactory="androidx.core.app.CoreComponentFactory"
35-->[androidx.core:core:1.5.0] AndroidManifest.xml:24:18-86
36        android:debuggable="true"
37        android:icon="@mipmap/ic_launcher"
37-->src\main\AndroidManifest.xml:16:9-43
38        android:label="@string/app_name"
38-->src\main\AndroidManifest.xml:17:9-41
39        android:roundIcon="@mipmap/ic_launcher_round"
39-->src\main\AndroidManifest.xml:18:9-54
40        android:supportsRtl="true"
40-->src\main\AndroidManifest.xml:19:9-35
41        android:testOnly="true"
42        android:theme="@style/Theme.Gesallprov" >
42-->src\main\AndroidManifest.xml:20:9-48
43        <meta-data
43-->src\main\AndroidManifest.xml:22:9-24:70
44            android:name="com.google.android.geo.API_KEY"
44-->src\main\AndroidManifest.xml:23:13-58
45            android:value="AIzaSyAm7w47pe1clAW9_YlZsdpq9uaDy6QBXhA" />
45-->src\main\AndroidManifest.xml:24:13-68
46
47        <activity
47-->src\main\AndroidManifest.xml:26:9-28:39
48            android:name="com.example.gesallprov.Map"
48-->src\main\AndroidManifest.xml:27:13-32
49            android:exported="true" />
49-->src\main\AndroidManifest.xml:28:13-36
50        <activity
50-->src\main\AndroidManifest.xml:29:9-31:39
51            android:name="com.example.gesallprov.SavePhoto"
51-->src\main\AndroidManifest.xml:30:13-38
52            android:exported="true" />
52-->src\main\AndroidManifest.xml:31:13-36
53        <activity
53-->src\main\AndroidManifest.xml:32:9-34:39
54            android:name="com.example.gesallprov.ReadText"
54-->src\main\AndroidManifest.xml:33:13-37
55            android:exported="true" />
55-->src\main\AndroidManifest.xml:34:13-36
56        <activity
56-->src\main\AndroidManifest.xml:35:9-37:39
57            android:name="com.example.gesallprov.SaveText"
57-->src\main\AndroidManifest.xml:36:13-37
58            android:exported="true" />
58-->src\main\AndroidManifest.xml:37:13-36
59        <activity
59-->src\main\AndroidManifest.xml:38:9-50:20
60            android:name="com.example.gesallprov.MainActivity"
60-->src\main\AndroidManifest.xml:39:13-41
61            android:exported="true" >
61-->src\main\AndroidManifest.xml:40:13-36
62            <meta-data
62-->src\main\AndroidManifest.xml:41:13-43:49
63                android:name="android.support.PARENT_ACTIVITY"
63-->src\main\AndroidManifest.xml:42:17-63
64                android:value=".MainActivity" />
64-->src\main\AndroidManifest.xml:43:17-46
65
66            <intent-filter>
66-->src\main\AndroidManifest.xml:45:13-49:29
67                <action android:name="android.intent.action.MAIN" />
67-->src\main\AndroidManifest.xml:46:17-69
67-->src\main\AndroidManifest.xml:46:25-66
68
69                <category android:name="android.intent.category.LAUNCHER" />
69-->src\main\AndroidManifest.xml:48:17-77
69-->src\main\AndroidManifest.xml:48:27-74
70            </intent-filter>
71        </activity>
72        <!-- Needs to be explicitly declared on P+ -->
73        <uses-library
73-->[com.google.android.gms:play-services-maps:17.0.1] AndroidManifest.xml:39:9-41:40
74            android:name="org.apache.http.legacy"
74-->[com.google.android.gms:play-services-maps:17.0.1] AndroidManifest.xml:40:13-50
75            android:required="false" />
75-->[com.google.android.gms:play-services-maps:17.0.1] AndroidManifest.xml:41:13-37
76
77        <activity
77-->[com.google.android.gms:play-services-base:17.0.0] AndroidManifest.xml:23:9-26:75
78            android:name="com.google.android.gms.common.api.GoogleApiActivity"
78-->[com.google.android.gms:play-services-base:17.0.0] AndroidManifest.xml:24:13-79
79            android:exported="false"
79-->[com.google.android.gms:play-services-base:17.0.0] AndroidManifest.xml:25:13-37
80            android:theme="@android:style/Theme.Translucent.NoTitleBar" />
80-->[com.google.android.gms:play-services-base:17.0.0] AndroidManifest.xml:26:13-72
81
82        <meta-data
82-->[com.google.android.gms:play-services-basement:17.0.0] AndroidManifest.xml:23:9-25:69
83            android:name="com.google.android.gms.version"
83-->[com.google.android.gms:play-services-basement:17.0.0] AndroidManifest.xml:24:13-58
84            android:value="@integer/google_play_services_version" />
84-->[com.google.android.gms:play-services-basement:17.0.0] AndroidManifest.xml:25:13-66
85    </application>
86
87</manifest>